0 info it worked if it ends with ok
1 verbose cli [ 'node',
1 verbose cli   '/usr/local/bin/npm',
1 verbose cli   'run',
1 verbose cli   'main',
1 verbose cli   'getDivisionRankings' ]
2 info using npm@2.1.14
3 info using node@v0.10.35
4 verbose node symlink /usr/local/bin/node
5 verbose run-script [ 'premain', 'main', 'postmain' ]
6 info premain nycxwingleaguelistmanager@1.0.0
7 info main nycxwingleaguelistmanager@1.0.0
8 verbose unsafe-perm in lifecycle true
9 info nycxwingleaguelistmanager@1.0.0 Failed to exec main script
10 verbose stack Error: nycxwingleaguelistmanager@1.0.0 main: `babel-node --presets es2015 main getDivisionRankings`
10 verbose stack Exit status 8
10 verbose stack     at EventEmitter.<anonymous> (/usr/local/lib/node_modules/npm/lib/utils/lifecycle.js:212:16)
10 verbose stack     at EventEmitter.emit (events.js:98:17)
10 verbose stack     at ChildProcess.<anonymous> (/usr/local/lib/node_modules/npm/lib/utils/spawn.js:14:12)
10 verbose stack     at ChildProcess.emit (events.js:98:17)
10 verbose stack     at maybeClose (child_process.js:766:16)
10 verbose stack     at Process.ChildProcess._handle.onexit (child_process.js:833:5)
11 verbose pkgid nycxwingleaguelistmanager@1.0.0
12 verbose cwd /Users/roshow/Desktop/leagueLists
13 error Darwin 14.5.0
14 error argv "node" "/usr/local/bin/npm" "run" "main" "getDivisionRankings"
15 error node v0.10.35
16 error npm  v2.1.14
17 error code ELIFECYCLE
18 error nycxwingleaguelistmanager@1.0.0 main: `babel-node --presets es2015 main getDivisionRankings`
18 error Exit status 8
19 error Failed at the nycxwingleaguelistmanager@1.0.0 main script 'babel-node --presets es2015 main getDivisionRankings'.
19 error This is most likely a problem with the nycxwingleaguelistmanager package,
19 error not with npm itself.
19 error Tell the author that this fails on your system:
19 error     babel-node --presets es2015 main getDivisionRankings
19 error You can get their info via:
19 error     npm owner ls nycxwingleaguelistmanager
19 error There is likely additional logging output above.
20 verbose exit [ 1, true ]
